e:\qt learn\712qt点云显示\712qtview0417tcp\ki\release\workthread.obj
e:\qt learn\712qt点云显示\712qtview0417tcp\ki\release\navpara.obj
e:\qt learn\712qt点云显示\712qtview0417tcp\ki\release\main.obj
e:\qt learn\712qt点云显示\712qtview0417tcp\ki\release\getlmpara.obj
e:\qt learn\712qt点云显示\712qtview0417tcp\ki\release\detectlmpara.obj
e:\qt learn\712qt点云显示\712qtview0417tcp\ki\release\moc_workthread.obj
e:\qt learn\712qt点云显示\712qtview0417tcp\ki\release\moc_navpara.obj
e:\qt learn\712qt点云显示\712qtview0417tcp\ki\release\moc_ki.obj
e:\qt learn\712qt点云显示\712qtview0417tcp\ki\release\moc_getlmpara.obj
e:\qt learn\712qt点云显示\712qtview0417tcp\ki\release\moc_detectlmpara.obj
e:\qt learn\712qt点云显示\712qtview0417tcp\ki\release\vc120.pdb
e:\qt learn\712qt点云显示\712qtview0417tcp\ki\release\pclfunc.obj
e:\qt learn\712qt点云显示\712qtview0417tcp\ki\release\ki.obj
e:\qt learn\712qt点云显示\712qtview0417tcp\ki\release\qrc_ki.obj
e:\qt learn\712qt点云显示\712qtview0417tcp\ki\release\workthreadbroadcast.obj
e:\qt learn\712qt点云显示\712qtview0417tcp\ki\release\moc_workthreadbroadcast.obj
e:\qt learn\712qt点云显示\712qtview0417tcp\ki\generatedfiles\release\moc_detectlmpara.cpp
e:\qt learn\712qt点云显示\712qtview0417tcp\ki\generatedfiles\release\moc_getlmpara.cpp
e:\qt learn\712qt点云显示\712qtview0417tcp\ki\generatedfiles\release\moc_navpara.cpp
e:\qt learn\712qt点云显示\712qtview0417tcp\ki\generatedfiles\qrc_ki.cpp
e:\qt learn\712qt点云显示\712qtview0417tcp\ki\generatedfiles\ui_getlmpara.h
e:\qt learn\712qt点云显示\712qtview0417tcp\ki\generatedfiles\ui_detectlmpara.h
e:\qt learn\712qt点云显示\712qtview0417tcp\ki\generatedfiles\ui_navpara.h
e:\qt learn\712qt点云显示\712qtview0417tcp\ki\generatedfiles\ui_ki.h
e:\qt learn\712qt点云显示\712qtview0417tcp\ki\generatedfiles\release\moc_ki.cpp
e:\qt learn\712qt点云显示\712qtview0417tcp\ki\generatedfiles\release\moc_workthreadbroadcast.cpp
e:\qt learn\712qt点云显示\712qtview0417tcp\ki\generatedfiles\release\moc_workthread.cpp
e:\qt learn\712qt点云显示\712qtview0417tcp\win32\release\ki.ilk
e:\qt learn\712qt点云显示\712qtview0417tcp\win32\release\ki.exe
e:\qt learn\712qt点云显示\712qtview0417tcp\win32\release\ki.pdb
e:\qt learn\712qt点云显示\712qtview0417tcp\ki\release\ki.res
e:\qt learn\712qt点云显示\712qtview0417tcp\ki\release\ki.tlog\cl.command.1.tlog
e:\qt learn\712qt点云显示\712qtview0417tcp\ki\release\ki.tlog\cl.read.1.tlog
e:\qt learn\712qt点云显示\712qtview0417tcp\ki\release\ki.tlog\cl.write.1.tlog
e:\qt learn\712qt点云显示\712qtview0417tcp\ki\release\ki.tlog\custombuild.command.1.tlog
e:\qt learn\712qt点云显示\712qtview0417tcp\ki\release\ki.tlog\custombuild.read.1.tlog
e:\qt learn\712qt点云显示\712qtview0417tcp\ki\release\ki.tlog\custombuild.write.1.tlog
e:\qt learn\712qt点云显示\712qtview0417tcp\ki\release\ki.tlog\link.command.1.tlog
e:\qt learn\712qt点云显示\712qtview0417tcp\ki\release\ki.tlog\link.read.1.tlog
e:\qt learn\712qt点云显示\712qtview0417tcp\ki\release\ki.tlog\link.write.1.tlog
e:\qt learn\712qt点云显示\712qtview0417tcp\ki\release\ki.tlog\rc.command.1.tlog
e:\qt learn\712qt点云显示\712qtview0417tcp\ki\release\ki.tlog\rc.read.1.tlog
e:\qt learn\712qt点云显示\712qtview0417tcp\ki\release\ki.tlog\rc.write.1.tlog
