生成启动时间为 2019/4/23 22:25:30。
     1>项目“E:\QT Learn\712qt CloudPointView\712QTView0417TCP\KI\KI.vcxproj”在节点 2 上(Build 个目标)。
     1>C:\Program Files (x86)\MSBuild\Microsoft.Cpp\v4.0\V120\Microsoft.CppBuild.targets(935,5): warning MSB8027: Two or more files with the name of moc_detectlmpara.cpp will produce outputs to the same location. This can lead to an incorrect build result.  The files involved are GeneratedFiles\Debug\moc_detectlmpara.cpp, GeneratedFiles\Release\moc_detectlmpara.cpp.
     1>C:\Program Files (x86)\MSBuild\Microsoft.Cpp\v4.0\V120\Microsoft.CppBuild.targets(935,5): warning MSB8027: Two or more files with the name of moc_getlmpara.cpp will produce outputs to the same location. This can lead to an incorrect build result.  The files involved are GeneratedFiles\Debug\moc_getlmpara.cpp, GeneratedFiles\Release\moc_getlmpara.cpp.
     1>C:\Program Files (x86)\MSBuild\Microsoft.Cpp\v4.0\V120\Microsoft.CppBuild.targets(935,5): warning MSB8027: Two or more files with the name of moc_ki.cpp will produce outputs to the same location. This can lead to an incorrect build result.  The files involved are GeneratedFiles\Debug\moc_ki.cpp, GeneratedFiles\Release\moc_ki.cpp.
     1>C:\Program Files (x86)\MSBuild\Microsoft.Cpp\v4.0\V120\Microsoft.CppBuild.targets(935,5): warning MSB8027: Two or more files with the name of moc_navpara.cpp will produce outputs to the same location. This can lead to an incorrect build result.  The files involved are GeneratedFiles\Debug\moc_navpara.cpp, GeneratedFiles\Release\moc_navpara.cpp.
     1>C:\Program Files (x86)\MSBuild\Microsoft.Cpp\v4.0\V120\Microsoft.CppBuild.targets(935,5): warning MSB8027: Two or more files with the name of moc_workthread.cpp will produce outputs to the same location. This can lead to an incorrect build result.  The files involved are GeneratedFiles\Debug\moc_workthread.cpp, GeneratedFiles\Release\moc_workthread.cpp.
     1>C:\Program Files (x86)\MSBuild\Microsoft.Cpp\v4.0\V120\Microsoft.CppBuild.targets(935,5): warning MSB8027: Two or more files with the name of moc_workthreadbroadcast.cpp will produce outputs to the same location. This can lead to an incorrect build result.  The files involved are GeneratedFiles\Debug\moc_workthreadbroadcast.cpp, GeneratedFiles\Release\moc_workthreadbroadcast.cpp.
     1>ClCompile:
         D:\Program Files (x86)\Microsoft Visual Studio 12.0\VC\bin\CL.exe /c /I.\GeneratedFiles /I. /ID:\Qtwin32\5.7\msvc2013\include /I.\GeneratedFiles\Release /ID:\Qtwin32\5.7\msvc2013\include\QtCore /ID:\Qtwin32\5.7\msvc2013\include\QtGui /ID:\Qtwin32\5.7\msvc2013\include\QtQuickWidgets /ID:\Qtwin32\5.7\msvc2013\include\QtUiTools /ID:\Qtwin32\5.7\msvc2013\include\QtWidgets /I"\include\pcl-1.8" /I"\3rdParty\Boost\include\boost-1_59" /I\3rdParty\Eigen\eigen3 /I\3rdParty\FLANN\include /I\3rdParty\OpenNI2\Include /I\3rdParty\Qhull\include /I"\3rdParty\VTK\include\vtk-7.0" /Zi /nologo /W1 /WX- /Od /Oy- /D UNICODE /D WIN32 /D WIN64 /D QT_DLL /D QT_NO_DEBUG /D NDEBUG /D QT_CORE_LIB /D QT_GUI_LIB /D QT_QUICKWIDGETS_LIB /D QT_UITOOLS_LIB /D QT_WIDGETS_LIB /Gm- /EHsc /MD /GS /fp:precise /Zc:wchar_t /Zc:forScope /Fo"Release\\" /Fd"Release\vc120.pdb" /Gd /TP /analyze- /errorReport:prompt ki.cpp
         ki.cpp
     1>D:\Program Files (x86)\Microsoft Visual Studio 12.0\VC\include\math.h(1293): warning C4005: “M_E”: 宏重定义
                 d:\qtwin32\5.7\msvc2013\include\qtcore\qmath.h(152) : 参见“M_E”的前一个定义
     1>D:\Program Files (x86)\Microsoft Visual Studio 12.0\VC\include\math.h(1294): warning C4005: “M_LOG2E”: 宏重定义
                 d:\qtwin32\5.7\msvc2013\include\qtcore\qmath.h(156) : 参见“M_LOG2E”的前一个定义
     1>D:\Program Files (x86)\Microsoft Visual Studio 12.0\VC\include\math.h(1295): warning C4005: “M_LOG10E”: 宏重定义
                 d:\qtwin32\5.7\msvc2013\include\qtcore\qmath.h(160) : 参见“M_LOG10E”的前一个定义
     1>D:\Program Files (x86)\Microsoft Visual Studio 12.0\VC\include\math.h(1296): warning C4005: “M_LN2”: 宏重定义
                 d:\qtwin32\5.7\msvc2013\include\qtcore\qmath.h(164) : 参见“M_LN2”的前一个定义
     1>D:\Program Files (x86)\Microsoft Visual Studio 12.0\VC\include\math.h(1297): warning C4005: “M_LN10”: 宏重定义
                 d:\qtwin32\5.7\msvc2013\include\qtcore\qmath.h(168) : 参见“M_LN10”的前一个定义
     1>D:\Program Files (x86)\Microsoft Visual Studio 12.0\VC\include\math.h(1298): warning C4005: “M_PI”: 宏重定义
                 d:\qtwin32\5.7\msvc2013\include\qtcore\qmath.h(172) : 参见“M_PI”的前一个定义
     1>D:\Program Files (x86)\Microsoft Visual Studio 12.0\VC\include\math.h(1299): warning C4005: “M_PI_2”: 宏重定义
                 d:\qtwin32\5.7\msvc2013\include\qtcore\qmath.h(176) : 参见“M_PI_2”的前一个定义
     1>D:\Program Files (x86)\Microsoft Visual Studio 12.0\VC\include\math.h(1300): warning C4005: “M_PI_4”: 宏重定义
                 d:\qtwin32\5.7\msvc2013\include\qtcore\qmath.h(180) : 参见“M_PI_4”的前一个定义
     1>D:\Program Files (x86)\Microsoft Visual Studio 12.0\VC\include\math.h(1301): warning C4005: “M_1_PI”: 宏重定义
                 d:\qtwin32\5.7\msvc2013\include\qtcore\qmath.h(184) : 参见“M_1_PI”的前一个定义
     1>D:\Program Files (x86)\Microsoft Visual Studio 12.0\VC\include\math.h(1302): warning C4005: “M_2_PI”: 宏重定义
                 d:\qtwin32\5.7\msvc2013\include\qtcore\qmath.h(188) : 参见“M_2_PI”的前一个定义
     1>D:\Program Files (x86)\Microsoft Visual Studio 12.0\VC\include\math.h(1303): warning C4005: “M_2_SQRTPI”: 宏重定义
                 d:\qtwin32\5.7\msvc2013\include\qtcore\qmath.h(192) : 参见“M_2_SQRTPI”的前一个定义
     1>D:\Program Files (x86)\Microsoft Visual Studio 12.0\VC\include\math.h(1304): warning C4005: “M_SQRT2”: 宏重定义
                 d:\qtwin32\5.7\msvc2013\include\qtcore\qmath.h(196) : 参见“M_SQRT2”的前一个定义
     1>D:\Program Files (x86)\Microsoft Visual Studio 12.0\VC\include\math.h(1305): warning C4005: “M_SQRT1_2”: 宏重定义
                 d:\qtwin32\5.7\msvc2013\include\qtcore\qmath.h(200) : 参见“M_SQRT1_2”的前一个定义
     1>D:\Program Files (x86)\PCL 1.8.0\include\pcl-1.8\pcl/visualization/interactor_style.h : warning C4819: 该文件包含不能在当前代码页(936)中表示的字符。请将该文件保存为 Unicode 格式以防止数据丢失
     1>D:\Program Files (x86)\PCL 1.8.0\include\pcl-1.8\pcl/visualization/pcl_visualizer.h(1588): warning C4819: 该文件包含不能在当前代码页(936)中表示的字符。请将该文件保存为 Unicode 格式以防止数据丢失
       Link:
         D:\Program Files (x86)\Microsoft Visual Studio 12.0\VC\bin\link.exe /ERRORREPORT:PROMPT /OUT:"E:\QT Learn\712qt CloudPointView\712QTView0417TCP\Win32\Release\\KI.exe" /NOLOGO /LIBPATH:D:\Qtwin32\5.7\msvc2013\lib /LIBPATH:\lib /LIBPATH:\3rdParty\Boost\lib /LIBPATH:\3rdParty\OpenNI2\Lib /LIBPATH:\3rdParty\FLANN\lib /LIBPATH:\3rdParty\Qhull\lib /LIBPATH:\3rdParty\VTK\lib qtmain.lib Qt5Core.lib Qt5Gui.lib Qt5Network.lib Qt5Networkd.lib Qt5Widgets.lib pcl_common_release.lib pcl_features_release.lib pcl_filters_release.lib pcl_io_ply_release.lib pcl_io_release.lib pcl_kdtree_release.lib pcl_keypoints_release.lib pcl_ml_release.lib pcl_octree_release.lib pcl_outofcore_release.lib pcl_people_release.lib pcl_recognition_release.lib pcl_registration_release.lib pcl_sample_consensus_release.lib pcl_search_release.lib pcl_segmentation_release.lib pcl_stereo_release.lib pcl_surface_release.lib pcl_tracking_release.lib pcl_visualization_release.lib "libboost_atomic-vc120-mt-1_59.lib" "libboost_chrono-vc120-mt-1_59.lib" "libboost_container-vc120-mt-1_59.lib" "libboost_context-vc120-mt-1_59.lib" "libboost_coroutine-vc120-mt-1_59.lib" "libboost_date_time-vc120-mt-1_59.lib" "libboost_exception-vc120-mt-1_59.lib" "libboost_filesystem-vc120-mt-1_59.lib" "libboost_graph-vc120-mt-1_59.lib" "libboost_iostreams-vc120-mt-1_59.lib" "libboost_locale-vc120-mt-1_59.lib" "libboost_log-vc120-mt-1_59.lib" "libboost_log_setup-vc120-mt-1_59.lib" "libboost_math_c99-vc120-mt-1_59.lib" "libboost_math_c99f-vc120-mt-1_59.lib" "libboost_math_c99l-vc120-mt-1_59.lib" "libboost_math_tr1-vc120-mt-1_59.lib" "libboost_math_tr1f-vc120-mt-1_59.lib" "libboost_math_tr1l-vc120-mt-1_59.lib" "libboost_mpi-vc120-mt-1_59.lib" "libboost_prg_exec_monitor-vc120-mt-1_59.lib" "libboost_program_options-vc120-mt-1_59.lib" "libboost_random-vc120-mt-1_59.lib" "libboost_regex-vc120-mt-1_59.lib" "libboost_serialization-vc120-mt-1_59.lib" "libboost_signals-vc120-mt-1_59.lib" "libboost_system-vc120-mt-1_59.lib" "libboost_test_exec_monitor-vc120-mt-1_59.lib" "libboost_thread-vc120-mt-1_59.lib" "libboost_timer-vc120-mt-1_59.lib" "libboost_unit_test_framework-vc120-mt-1_59.lib" "libboost_wave-vc120-mt-1_59.lib" "libboost_wserialization-vc120-mt-1_59.lib" flann_cpp_s.lib flann_s.lib qhull.lib qhullcpp.lib qhullstatic.lib qhullstatic_r.lib qhull_p.lib qhull_r.lib "vtkalglib-7.0.lib" "vtkChartsCore-7.0.lib" "vtkCommonColor-7.0.lib" "vtkCommonComputationalGeometry-7.0.lib" "vtkCommonCore-7.0.lib" "vtkCommonDataModel-7.0.lib" "vtkCommonExecutionModel-7.0.lib" "vtkCommonMath-7.0.lib" "vtkCommonMisc-7.0.lib" "vtkCommonSystem-7.0.lib" "vtkCommonTransforms-7.0.lib" "vtkDICOMParser-7.0.lib" "vtkDomainsChemistry-7.0.lib" "vtkDomainsChemistryOpenGL2-7.0.lib" "vtkexoIIc-7.0.lib" "vtkexpat-7.0.lib" "vtkFiltersAMR-7.0.lib" "vtkFiltersCore-7.0.lib" "vtkFiltersExtraction-7.0.lib" "vtkFiltersFlowPaths-7.0.lib" "vtkFiltersGeneral-7.0.lib" "vtkFiltersGeneric-7.0.lib" "vtkFiltersGeometry-7.0.lib" "vtkFiltersHybrid-7.0.lib" "vtkFiltersHyperTree-7.0.lib" "vtkFiltersImaging-7.0.lib" "vtkFiltersModeling-7.0.lib" "vtkFiltersParallel-7.0.lib" "vtkFiltersParallelImaging-7.0.lib" "vtkFiltersProgrammable-7.0.lib" "vtkFiltersSelection-7.0.lib" "vtkFiltersSMP-7.0.lib" "vtkFiltersSources-7.0.lib" "vtkFiltersStatistics-7.0.lib" "vtkFiltersTexture-7.0.lib" "vtkFiltersVerdict-7.0.lib" "vtkfreetype-7.0.lib" "vtkGeovisCore-7.0.lib" "vtkglew-7.0.lib" "vtkGUISupportQt-7.0.lib" "vtkGUISupportQtSQL-7.0.lib" "vtkhdf5-7.0.lib" "vtkhdf5_hl-7.0.lib" "vtkImagingColor-7.0.lib" "vtkImagingCore-7.0.lib" "vtkImagingFourier-7.0.lib" "vtkImagingGeneral-7.0.lib" "vtkImagingHybrid-7.0.lib" "vtkImagingMath-7.0.lib" "vtkImagingMorphological-7.0.lib" "vtkImagingSources-7.0.lib" "vtkImagingStatistics-7.0.lib" "vtkImagingStencil-7.0.lib" "vtkInfovisCore-7.0.lib" "vtkInfovisLayout-7.0.lib" "vtkInteractionImage-7.0.lib" "vtkInteractionStyle-7.0.lib" "vtkInteractionWidgets-7.0.lib" "vtkIOAMR-7.0.lib" "vtkIOCore-7.0.lib" "vtkIOEnSight-7.0.lib" "vtkIOExodus-7.0.lib" "vtkIOExport-7.0.lib" "vtkIOGeometry-7.0.lib" "vtkIOImage-7.0.lib" "vtkIOImport-7.0.lib" "vtkIOInfovis-7.0.lib" "vtkIOLegacy-7.0.lib" "vtkIOLSDyna-7.0.lib" "vtkIOMINC-7.0.lib" "vtkIOMovie-7.0.lib" "vtkIONetCDF-7.0.lib" "vtkIOParallel-7.0.lib" "vtkIOParallelXML-7.0.lib" "vtkIOPLY-7.0.lib" "vtkIOSQL-7.0.lib" "vtkIOVideo-7.0.lib" "vtkIOXML-7.0.lib" "vtkIOXMLParser-7.0.lib" "vtkjpeg-7.0.lib" "vtkjsoncpp-7.0.lib" "vtklibxml2-7.0.lib" "vtkmetaio-7.0.lib" "vtkNetCDF-7.0.lib" "vtkNetCDF_cxx-7.0.lib" "vtkoggtheora-7.0.lib" "vtkParallelCore-7.0.lib" "vtkpng-7.0.lib" "vtkproj4-7.0.lib" "vtkRenderingAnnotation-7.0.lib" "vtkRenderingContext2D-7.0.lib" "vtkRenderingContextOpenGL2-7.0.lib" "vtkRenderingCore-7.0.lib" "vtkRenderingFreeType-7.0.lib" "vtkRenderingImage-7.0.lib" "vtkRenderingLabel-7.0.lib" "vtkRenderingLOD-7.0.lib" "vtkRenderingOpenGL2-7.0.lib" "vtkRenderingQt-7.0.lib" "vtkRenderingVolume-7.0.lib" "vtkRenderingVolumeOpenGL2-7.0.lib" "vtksqlite-7.0.lib" "vtksys-7.0.lib" "vtktiff-7.0.lib" "vtkverdict-7.0.lib" "vtkViewsContext2D-7.0.lib" "vtkViewsCore-7.0.lib" "vtkViewsInfovis-7.0.lib" "vtkViewsQt-7.0.lib" "vtkzlib-7.0.lib" pcl_common_release.lib pcl_features_release.lib pcl_filters_release.lib pcl_io_release.lib pcl_io_ply_release.lib pcl_kdtree_release.lib pcl_keypoints_release.lib pcl_ml_release.lib pcl_octree_release.lib pcl_outofcore_release.lib pcl_people_release.lib pcl_recognition_release.lib pcl_registration_release.lib pcl_sample_consensus_release.lib pcl_search_release.lib pcl_segmentation_release.lib pcl_stereo_release.lib pcl_surface_release.lib pcl_tracking_release.lib pcl_visualization_release.lib "libboost_atomic-vc120-mt-1_59.lib" "libboost_chrono-vc120-mt-1_59.lib" "libboost_container-vc120-mt-1_59.lib" "libboost_context-vc120-mt-1_59.lib" "libboost_coroutine-vc120-mt-1_59.lib" "libboost_date_time-vc120-mt-1_59.lib" "libboost_exception-vc120-mt-1_59.lib" "libboost_filesystem-vc120-mt-1_59.lib" "libboost_graph-vc120-mt-1_59.lib" "libboost_iostreams-vc120-mt-1_59.lib" "libboost_locale-vc120-mt-1_59.lib" "libboost_log-vc120-mt-1_59.lib" "libboost_log_setup-vc120-mt-1_59.lib" "libboost_math_c99-vc120-mt-1_59.lib" "libboost_math_c99f-vc120-mt-1_59.lib" "libboost_math_c99l-vc120-mt-1_59.lib" "libboost_math_tr1-vc120-mt-1_59.lib" "libboost_math_tr1f-vc120-mt-1_59.lib" "libboost_math_tr1l-vc120-mt-1_59.lib" "libboost_mpi-vc120-mt-1_59.lib" "libboost_prg_exec_monitor-vc120-mt-1_59.lib" "libboost_program_options-vc120-mt-1_59.lib" "libboost_random-vc120-mt-1_59.lib" "libboost_regex-vc120-mt-1_59.lib" "libboost_serialization-vc120-mt-1_59.lib" "libboost_signals-vc120-mt-1_59.lib" "libboost_system-vc120-mt-1_59.lib" "libboost_test_exec_monitor-vc120-mt-1_59.lib" "libboost_thread-vc120-mt-1_59.lib" "libboost_timer-vc120-mt-1_59.lib" "libboost_unit_test_framework-vc120-mt-1_59.lib" "libboost_wave-vc120-mt-1_59.lib" "libboost_wserialization-vc120-mt-1_59.lib" "vtkalglib-7.0.lib" "vtkChartsCore-7.0.lib" "vtkCommonCore-7.0.lib" "vtkCommonColor-7.0.lib" "vtkCommonComputationalGeometry-7.0.lib" "vtkCommonDataModel-7.0.lib" "vtkCommonExecutionModel-7.0.lib" "vtkCommonMath-7.0.lib" "vtkCommonMisc-7.0.lib" "vtkCommonSystem-7.0.lib" "vtkCommonTransforms-7.0.lib" "vtkDICOMParser-7.0.lib" "vtkDomainsChemistry-7.0.lib" "vtkexoIIc-7.0.lib" "vtkexpat-7.0.lib" "vtkFiltersAMR-7.0.lib" "vtkFiltersCore-7.0.lib" "vtkFiltersExtraction-7.0.lib" "vtkFiltersFlowPaths-7.0.lib" "vtkFiltersGeneral-7.0.lib" "vtkFiltersGeneric-7.0.lib" "vtkFiltersGeometry-7.0.lib" "vtkFiltersHybrid-7.0.lib" "vtkFiltersHyperTree-7.0.lib" "vtkFiltersImaging-7.0.lib" "vtkFiltersModeling-7.0.lib" "vtkFiltersParallel-7.0.lib" "vtkFiltersParallelImaging-7.0.lib" "vtkFiltersProgrammable-7.0.lib" "vtkFiltersSelection-7.0.lib" "vtkFiltersSMP-7.0.lib" "vtkFiltersSources-7.0.lib" "vtkFiltersStatistics-7.0.lib" "vtkFiltersTexture-7.0.lib" "vtkFiltersVerdict-7.0.lib" "vtkfreetype-7.0.lib" "vtkGeovisCore-7.0.lib" "vtkhdf5-7.0.lib" "vtkhdf5_hl-7.0.lib" "vtkImagingColor-7.0.lib" "vtkImagingCore-7.0.lib" "vtkImagingFourier-7.0.lib" "vtkImagingGeneral-7.0.lib" "vtkImagingHybrid-7.0.lib" "vtkImagingMath-7.0.lib" "vtkImagingMorphological-7.0.lib" "vtkImagingSources-7.0.lib" "vtkImagingStatistics-7.0.lib" "vtkImagingStencil-7.0.lib" "vtkInfovisCore-7.0.lib" "vtkInfovisLayout-7.0.lib" "vtkInteractionImage-7.0.lib" "vtkInteractionStyle-7.0.lib" "vtkInteractionWidgets-7.0.lib" "vtkIOAMR-7.0.lib" "vtkIOCore-7.0.lib" "vtkIOEnSight-7.0.lib" "vtkIOExodus-7.0.lib" "vtkIOExport-7.0.lib" "vtkIOGeometry-7.0.lib" "vtkIOImage-7.0.lib" "vtkIOImport-7.0.lib" "vtkIOInfovis-7.0.lib" "vtkIOLegacy-7.0.lib" "vtkIOLSDyna-7.0.lib" "vtkIOMINC-7.0.lib" "vtkIOMovie-7.0.lib" "vtkIONetCDF-7.0.lib" "vtkIOParallel-7.0.lib" "vtkIOParallelXML-7.0.lib" "vtkIOPLY-7.0.lib" "vtkIOSQL-7.0.lib" "vtkIOVideo-7.0.lib" "vtkIOXML-7.0.lib" "vtkIOXMLParser-7.0.lib" "vtkjpeg-7.0.lib" "vtkjsoncpp-7.0.lib" "vtklibxml2-7.0.lib" "vtkmetaio-7.0.lib" "vtkNetCDF-7.0.lib" "vtkNetCDF_cxx-7.0.lib" "vtkoggtheora-7.0.lib" "vtkParallelCore-7.0.lib" "vtkpng-7.0.lib" "vtkproj4-7.0.lib" "vtkRenderingAnnotation-7.0.lib" "vtkRenderingContext2D-7.0.lib" "vtkRenderingContextOpenGL2-7.0.lib" "vtkRenderingCore-7.0.lib" "vtkRenderingFreeType-7.0.lib" "vtkRenderingImage-7.0.lib" "vtkRenderingLabel-7.0.lib" "vtkRenderingLOD-7.0.lib" "vtkRenderingOpenGL2-7.0.lib" "vtkRenderingVolume-7.0.lib" "vtkRenderingVolumeOpenGL2-7.0.lib" "vtksqlite-7.0.lib" "vtksys-7.0.lib" "vtktiff-7.0.lib" "vtkverdict-7.0.lib" "vtkViewsContext2D-7.0.lib" "vtkViewsCore-7.0.lib" "vtkViewsInfovis-7.0.lib" "vtkzlib-7.0.lib" "vtkGUISupportQt-7.0.lib" "vtkRenderingQt-7.0.lib" "vtkViewsQt-7.0.lib" flann_cpp_s.lib qhullstatic.lib OpenNI2.lib kernel32.lib user32.lib gdi32.lib winspool.lib shell32.lib ole32.lib oleaut32.lib uuid.lib comdlg32.lib advapi32.lib comctl32.lib wsock32.lib glu32.lib opengl32.lib ws2_32.lib Psapi.lib kernel32.lib user32.lib gdi32.lib winspool.lib comdlg32.lib advapi32.lib shell32.lib ole32.lib oleaut32.lib uuid.lib odbc32.lib odbccp32.lib /MANIFEST /MANIFESTUAC:"level='asInvoker' uiAccess='false'" /manifest:embed /DEBUG /PDB:"E:\QT Learn\712qt CloudPointView\712QTView0417TCP\Win32\Release\KI.pdb" /SUBSYSTEM:WINDOWS /TLBID:1 /DYNAMICBASE /NXCOMPAT /IMPLIB:"E:\QT Learn\712qt CloudPointView\712QTView0417TCP\Win32\Release\KI.lib" /MACHINE:X86 /SAFESEH Release\KI.res
         Release\detectlmpara.obj
         Release\qrc_ki.obj
         Release\moc_detectlmpara.obj
         Release\moc_getlmpara.obj
         Release\moc_ki.obj
         Release\moc_navpara.obj
         Release\moc_workthread.obj
         Release\moc_workthreadbroadcast.obj
         Release\getlmpara.obj
         Release\ki.obj
         Release\main.obj
         Release\navpara.obj
         Release\PCLFunc.obj
         Release\workthread.obj
         Release\workthreadbroadcast.obj
         KI.vcxproj -> E:\QT Learn\712qt CloudPointView\712QTView0417TCP\Win32\Release\KI.exe
     1>已完成生成项目“E:\QT Learn\712qt CloudPointView\712QTView0417TCP\KI\KI.vcxproj”(Build 个目标)的操作。

生成成功。

已用时间 00:00:27.53
