c:\users\0\desktop\qvtkpoint\ki\x64\debug\vc120.pdb
c:\users\0\desktop\qvtkpoint\ki\x64\debug\mywidget.obj
c:\users\0\desktop\qvtkpoint\ki\x64\debug\main.obj
c:\users\0\desktop\qvtkpoint\ki\x64\debug\ki.obj
c:\users\0\desktop\qvtkpoint\ki\x64\debug\moc_mywidget.obj
c:\users\0\desktop\qvtkpoint\ki\x64\debug\moc_ki.obj
c:\users\0\desktop\qvtkpoint\ki\x64\debug\qrc_ki.obj
c:\users\0\desktop\qvtkpoint\ki\generatedfiles\debug\moc_ki.cpp
c:\users\0\desktop\qvtkpoint\ki\generatedfiles\ui_ki.h
c:\users\0\desktop\qvtkpoint\ki\generatedfiles\debug\moc_mywidget.cpp
c:\users\0\desktop\qvtkpoint\ki\generatedfiles\qrc_ki.cpp
c:\users\0\desktop\qvtkpoint\ki\generatedfiles\ui_mywidget.h
c:\users\0\desktop\qvtkpoint\ki\x64\debug\ki.res
c:\users\0\desktop\qvtkpoint\x64\debug\ki.pdb
c:\users\0\desktop\qvtkpoint\ki\x64\debug\ki.tlog\cl.command.1.tlog
c:\users\0\desktop\qvtkpoint\ki\x64\debug\ki.tlog\cl.read.1.tlog
c:\users\0\desktop\qvtkpoint\ki\x64\debug\ki.tlog\cl.write.1.tlog
c:\users\0\desktop\qvtkpoint\ki\x64\debug\ki.tlog\custombuild.command.1.tlog
c:\users\0\desktop\qvtkpoint\ki\x64\debug\ki.tlog\custombuild.read.1.tlog
c:\users\0\desktop\qvtkpoint\ki\x64\debug\ki.tlog\custombuild.write.1.tlog
c:\users\0\desktop\qvtkpoint\ki\x64\debug\ki.tlog\link-cvtres.read.1.tlog
c:\users\0\desktop\qvtkpoint\ki\x64\debug\ki.tlog\link-cvtres.write.1.tlog
c:\users\0\desktop\qvtkpoint\ki\x64\debug\ki.tlog\link-rc.read.1.tlog
c:\users\0\desktop\qvtkpoint\ki\x64\debug\ki.tlog\link-rc.write.1.tlog
c:\users\0\desktop\qvtkpoint\ki\x64\debug\ki.tlog\link.command.1.tlog
c:\users\0\desktop\qvtkpoint\ki\x64\debug\ki.tlog\link.read.1.tlog
c:\users\0\desktop\qvtkpoint\ki\x64\debug\ki.tlog\link.write.1.tlog
c:\users\0\desktop\qvtkpoint\ki\x64\debug\ki.tlog\rc.command.1.tlog
c:\users\0\desktop\qvtkpoint\ki\x64\debug\ki.tlog\rc.read.1.tlog
c:\users\0\desktop\qvtkpoint\ki\x64\debug\ki.tlog\rc.write.1.tlog
