c:\users\0\desktop\712qtview1218tcp\ki\x64\release\vc120.pdb
c:\users\0\desktop\712qtview1218tcp\ki\x64\release\navpara.obj
c:\users\0\desktop\712qtview1218tcp\ki\x64\release\main.obj
c:\users\0\desktop\712qtview1218tcp\ki\x64\release\getlmpara.obj
c:\users\0\desktop\712qtview1218tcp\ki\x64\release\moc_workthread.obj
c:\users\0\desktop\712qtview1218tcp\ki\x64\release\moc_navpara.obj
c:\users\0\desktop\712qtview1218tcp\ki\x64\release\moc_ki.obj
c:\users\0\desktop\712qtview1218tcp\ki\x64\release\moc_getlmpara.obj
c:\users\0\desktop\712qtview1218tcp\ki\x64\release\moc_detectlmpara.obj
c:\users\0\desktop\712qtview1218tcp\ki\x64\release\detectlmpara.obj
c:\users\0\desktop\712qtview1218tcp\ki\generatedfiles\release\moc_ki.cpp
c:\users\0\desktop\712qtview1218tcp\ki\generatedfiles\release\moc_workthread.cpp
c:\users\0\desktop\712qtview1218tcp\ki\generatedfiles\release\moc_detectlmpara.cpp
c:\users\0\desktop\712qtview1218tcp\ki\generatedfiles\release\moc_getlmpara.cpp
c:\users\0\desktop\712qtview1218tcp\ki\generatedfiles\release\moc_navpara.cpp
c:\users\0\desktop\712qtview1218tcp\ki\generatedfiles\qrc_ki.cpp
c:\users\0\desktop\712qtview1218tcp\ki\generatedfiles\ui_ki.h
c:\users\0\desktop\712qtview1218tcp\ki\generatedfiles\ui_getlmpara.h
c:\users\0\desktop\712qtview1218tcp\ki\generatedfiles\ui_detectlmpara.h
c:\users\0\desktop\712qtview1218tcp\ki\generatedfiles\ui_navpara.h
c:\users\0\desktop\712qtview1218tcp\ki\x64\release\ki.tlog\cl.command.1.tlog
c:\users\0\desktop\712qtview1218tcp\ki\x64\release\ki.tlog\cl.read.1.tlog
c:\users\0\desktop\712qtview1218tcp\ki\x64\release\ki.tlog\cl.write.1.tlog
c:\users\0\desktop\712qtview1218tcp\ki\x64\release\ki.tlog\custombuild.command.1.tlog
c:\users\0\desktop\712qtview1218tcp\ki\x64\release\ki.tlog\custombuild.read.1.tlog
c:\users\0\desktop\712qtview1218tcp\ki\x64\release\ki.tlog\custombuild.write.1.tlog
